Base path: C:/Program Files (x86)/Unity/Editor/Data
Pipe name: \\.\pipe\UnityShaderCompiler-4-1116
Cmd: getPlatforms
Cmd: compileSnippet
  error: 2 plat 4 at (47): 'vert': output parameter 'o' not completely initialized
  error: 1 plat 4 at (53): implicit truncation of vector type
  error: 1 plat 4 at (72): implicit truncation of vector type
  error: 1 plat 4 at (86): comma expression used where a vector constructor may have been intended
  api=4 type=0 insize=6464 outsize=0 kw=DIRECTIONAL LIGHTMAP_OFF DIRLIGHTMAP_OFF VERTEXLIGHT_ON ok=0
Cmd: compileSnippet
  error: 2 plat 4 at (47): 'vert': output parameter 'o' not completely initialized
  error: 1 plat 4 at (53): implicit truncation of vector type
  error: 1 plat 4 at (72): implicit truncation of vector type
  error: 1 plat 4 at (86): comma expression used where a vector constructor may have been intended
  api=4 type=0 insize=4362 outsize=0 kw=DIRECTIONAL ok=0
Cmd: compileSnippet
  error: 2 plat 4 at (47): 'vert': output parameter 'o' not completely initialized
  error: 1 plat 4 at (53): implicit truncation of vector type
  error: 1 plat 4 at (72): implicit truncation of vector type
  error: 1 plat 4 at (86): comma expression used where a vector constructor may have been intended
  api=4 type=0 insize=4362 outsize=0 kw=POINT ok=0
Unhandled exception: Readfile from pipe failed. GLE=Le canal de communication a été fermé.


Quitting shader compiler process
